<?xml version="1.0" encoding="UTF-8"?>
<!-- Generated by org.testng.reporters.JUnitReportReporter -->
<testsuite skipped="0" hostname="DESKTOP-648CC2F" name="testcasespackage.HomePageDump" tests="2" failures="0" timestamp="14 Oct 2018 15:54:33 GMT" time="870.454" errors="0">
  <testcase name="allHeaderHolderLinks" time="659.159" classname="testcasespackage.HomePageDump"/>
  <testcase name="allMiddleAreaLinks" time="211.295" classname="testcasespackage.HomePageDump"/>
</testsuite> <!-- testcasespackage.HomePageDump -->
