<?xml version="1.0" encoding="UTF-8"?>
<!-- Generated by org.testng.reporters.JUnitReportReporter -->
<testsuite skipped="0" hostname="DESKTOP-648CC2F" name="testcasespackage.HomePageDumpLinks" tests="1" failures="0" timestamp="14 Oct 2018 12:25:07 GMT" time="159.343" errors="0">
  <testcase name="headerholder" time="159.343" classname="testcasespackage.HomePageDumpLinks"/>
</testsuite> <!-- testcasespackage.HomePageDumpLinks -->
