<?xml version="1.0" encoding="UTF-8"?>
<!-- Generated by org.testng.reporters.JUnitReportReporter -->
<testsuite skipped="0" hostname="DESKTOP-648CC2F" name="testcasespackage.AppTest" tests="1" failures="0" timestamp="14 Oct 2018 11:37:49 GMT" time="0.007" errors="0">
  <testcase name="shouldAnswerWithTrue" time="0.007" classname="testcasespackage.AppTest"/>
</testsuite> <!-- testcasespackage.AppTest -->
